1666929973912	geckodriver	INFO	Listening on 127.0.0.1:65266
1666929978234	mozrunner::runner	INFO	Running command: "C:\\Program Files\\Mozilla Firefox\\firefox.exe" "--marionette" "--remote-debugging-port" "65267" "--remote-allow-hosts" "localhost" "-no-remote" "-profile" "C:\\Users\\Hari\\AppData\\Local\\Temp\\rust_mozprofileFWGdPb"
1666930013168	geckodriver	INFO	Listening on 127.0.0.1:65291
1666930016161	mozrunner::runner	INFO	Running command: "C:\\Program Files\\Mozilla Firefox\\firefox.exe" "--marionette" "--remote-debugging-port" "65292" "--remote-allow-hosts" "localhost" "-no-remote" "-profile" "C:\\Users\\Hari\\AppData\\Local\\Temp\\rust_mozprofilenbHqTj"
1666930023297	Marionette	INFO	Marionette enabled
1666930023313	Marionette	INFO	Listening on port 65309
Read port: 65309
WebDriver BiDi listening on ws://127.0.0.1:65292
Read port: 65309
Read port: 65309
1666930027389	RemoteAgent	WARN	TLS certificate errors will be ignored for this session
console.error: Region.jsm: "Error fetching region" (new Error("TIMEOUT", "resource://gre/modules/Region.jsm", 768))
console.error: Region.jsm: "Failed to fetch region" (new Error("TIMEOUT", "resource://gre/modules/Region.jsm", 420))
console.warn: SearchSettings: "get: No settings file exists, new profile?" (new NotFoundError("Could not open the file at C:\\Users\\Hari\\AppData\\Local\\Temp\\rust_mozprofilenbHqTj\\search.json.mozlz4", (void 0)))
DevTools listening on ws://127.0.0.1:65292/devtools/browser/def80292-53ed-495b-905d-e9febe6473c6
JavaScript warning: http://cdn.magento-demo.lexiconn.com/media/js/1c13148b4232dabd843fcfba776398eb.js, line 11722: Using //@ to indicate sourceMappingURL pragmas is deprecated. Use //# instead
1666930074115	Marionette	WARN	TimedPromise timed out after 500 ms: stacktrace:
TimedPromise/<@chrome://remote/content/marionette/sync.js:236:24
TimedPromise@chrome://remote/content/marionette/sync.js:221:10
interaction.flushEventLoop@chrome://remote/content/marionette/interaction.js:431:10
webdriverClickElement@chrome://remote/content/marionette/interaction.js:179:31
JavaScript warning: http://cdn.magento-demo.lexiconn.com/media/js/c8ff984e301595e2901fcb196b5df92b.js, line 11722: Using //@ to indicate sourceMappingURL pragmas is deprecated. Use //# instead
JavaScript warning: http://cdn.magento-demo.lexiconn.com/media/js/1c13148b4232dabd843fcfba776398eb.js, line 11722: Using //@ to indicate sourceMappingURL pragmas is deprecated. Use //# instead
1666930085884	Marionette	WARN	TimedPromise timed out after 500 ms: stacktrace:
TimedPromise/<@chrome://remote/content/marionette/sync.js:236:24
TimedPromise@chrome://remote/content/marionette/sync.js:221:10
interaction.flushEventLoop@chrome://remote/content/marionette/interaction.js:431:10
webdriverClickElement@chrome://remote/content/marionette/interaction.js:179:31
JavaScript warning: http://cdn.magento-demo.lexiconn.com/media/js/c8ff984e301595e2901fcb196b5df92b.js, line 11722: Using //@ to indicate sourceMappingURL pragmas is deprecated. Use //# instead
JavaScript warning: http://cdn.magento-demo.lexiconn.com/media/js/1c13148b4232dabd843fcfba776398eb.js, line 11722: Using //@ to indicate sourceMappingURL pragmas is deprecated. Use //# instead
JavaScript error: , line 0: NS_ERROR_NOT_AVAILABLE
console.error: Region.jsm: "Error fetching region" (new TypeError("NetworkError when attempting to fetch resource.", ""))
console.error: Region.jsm: "Failed to fetch region" (new Error("NO_RESULT", "resource://gre/modules/Region.jsm", 420))
console.error: Region.jsm: "Error fetching region" (new TypeError("NetworkError when attempting to fetch resource.", ""))
console.error: Region.jsm: "Failed to fetch region" (new Error("NO_RESULT", "resource://gre/modules/Region.jsm", 420))
JavaScript error: , line 0: NS_ERROR_NOT_AVAILABLE
JavaScript error: , line 0: NS_ERROR_NOT_AVAILABLE
JavaScript error: , line 0: NS_ERROR_NOT_AVAILABLE
JavaScript error: , line 0: NS_ERROR_NOT_AVAILABLE
JavaScript error: , line 0: NS_ERROR_NOT_AVAILABLE
JavaScript error: , line 0: NS_ERROR_NOT_AVAILABLE
JavaScript error: , line 0: NS_ERROR_NOT_AVAILABLE
JavaScript error: , line 0: NotFoundError: Could not move source file(C:\Users\Hari\AppData\Local\Temp\rust_mozprofilenbHqTj\bookmarkbackups\bookmarks-2022-11-05_11_gCahXQD49rMZfibHG5MBAQ==.jsonlz4) because it does not exist
JavaScript error: , line 0: NS_ERROR_NOT_AVAILABLE
JavaScript error: , line 0: NotFoundError: Could not move source file(C:\Users\Hari\AppData\Local\Temp\rust_mozprofilenbHqTj\bookmarkbackups\bookmarks-2022-11-06_11_gCahXQD49rMZfibHG5MBAQ==.jsonlz4) because it does not exist
JavaScript error: , line 0: NS_ERROR_NOT_AVAILABLE
1667924445148	Marionette	INFO	Stopped listening on port 65309
console.warn: TopSitesFeed: Failed to fetch data from Contile server: NetworkError when attempting to fetch resource.
JavaScript error: , line 0: uncaught exception: null
[Parent 32684, IPC I/O Parent] WARNING: file /builds/worker/checkouts/gecko/ipc/chromium/src/base/process_util_win.cc:167
